2017-03-10 17:57:00,103 [pool-1-thread-3] WARN  org.hibernate.orm.deprecation - HHH90000012: Recognized obsolete hibernate namespace http://hibernate.sourceforge.net/hibernate-mapping. Use namespace http://www.hibernate.org/dtd/hibernate-mapping instead.  Support for obsolete DTD/XSD namespaces may be removed at any time.
2017-03-10 17:57:00,992 [pool-1-thread-3] WARN  org.hibernate.orm.deprecation - HHH90000012: Recognized obsolete hibernate namespace http://hibernate.sourceforge.net/hibernate-mapping. Use namespace http://www.hibernate.org/dtd/hibernate-mapping instead.  Support for obsolete DTD/XSD namespaces may be removed at any time.
2017-03-10 17:57:01,010 [pool-1-thread-3] WARN  org.hibernate.orm.deprecation - HHH90000012: Recognized obsolete hibernate namespace http://hibernate.sourceforge.net/hibernate-mapping. Use namespace http://www.hibernate.org/dtd/hibernate-mapping instead.  Support for obsolete DTD/XSD namespaces may be removed at any time.
2017-03-10 17:57:01,026 [pool-1-thread-3] WARN  org.hibernate.orm.deprecation - HHH90000012: Recognized obsolete hibernate namespace http://hibernate.sourceforge.net/hibernate-mapping. Use namespace http://www.hibernate.org/dtd/hibernate-mapping instead.  Support for obsolete DTD/XSD namespaces may be removed at any time.
2017-03-10 17:57:01,039 [pool-1-thread-3] WARN  org.hibernate.orm.deprecation - HHH90000012: Recognized obsolete hibernate namespace http://hibernate.sourceforge.net/hibernate-mapping. Use namespace http://www.hibernate.org/dtd/hibernate-mapping instead.  Support for obsolete DTD/XSD namespaces may be removed at any time.
2017-03-10 17:57:01,164 [pool-1-thread-3] WARN  org.hibernate.orm.connections.pooling - HHH10001002: Using Hibernate built-in connection pool (not for production use!)
2017-03-10 17:57:02,068 [pool-1-thread-3] WARN  org.hibernate.internal.SessionFactoryRegistry - HHH000277: Could not bind factory to JNDI
org.hibernate.engine.jndi.JndiException: Error parsing JNDI name []
	at org.hibernate.engine.jndi.internal.JndiServiceImpl.parseName(JndiServiceImpl.java:124) ~[hibernate-core-5.1.4.Final.jar:5.1.4.Final]
	at org.hibernate.engine.jndi.internal.JndiServiceImpl.bind(JndiServiceImpl.java:140) ~[hibernate-core-5.1.4.Final.jar:5.1.4.Final]
	at org.hibernate.internal.SessionFactoryRegistry.addSessionFactory(SessionFactoryRegistry.java:88) [hibernate-core-5.1.4.Final.jar:5.1.4.Final]
	at org.hibernate.internal.SessionFactoryImpl.<init>(SessionFactoryImpl.java:523) [hibernate-core-5.1.4.Final.jar:5.1.4.Final]
	at org.hibernate.boot.internal.SessionFactoryBuilderImpl.build(SessionFactoryBuilderImpl.java:465) [hibernate-core-5.1.4.Final.jar:5.1.4.Final]
	at org.hibernate.cfg.Configuration.buildSessionFactory(Configuration.java:711) [hibernate-core-5.1.4.Final.jar:5.1.4.Final]
	at org.hibernate.cfg.Configuration.buildSessionFactory(Configuration.java:727) [hibernate-core-5.1.4.Final.jar:5.1.4.Final]
	at edu.housesearcher.crawler.utils.HibernateUtil.<clinit>(HibernateUtil.java:20) [classes/:?]
	at edu.housesearcher.crawler.lianjia.LianJiaHrefListCrawler$4.doSave(LianJiaHrefListCrawler.java:109) [classes/:?]
	at edu.housesearcher.crawler.manager.AWebpageManager.save(AWebpageManager.java:65) [classes/:?]
	at edu.housesearcher.crawler.lianjia.LianJiaHrefListCrawler.run(LianJiaHrefListCrawler.java:181) [classes/:?]
	at java.util.concurrent.ThreadPoolExecutor.runWorker(Unknown Source) [?:1.8.0_121]
	at java.util.concurrent.ThreadPoolExecutor$Worker.run(Unknown Source) [?:1.8.0_121]
	at java.lang.Thread.run(Unknown Source) [?:1.8.0_121]
Caused by: javax.naming.NoInitialContextException: Need to specify class name in environment or system property, or as an applet parameter, or in an application resource file:  java.naming.factory.initial
	at javax.naming.spi.NamingManager.getInitialContext(Unknown Source) ~[?:1.8.0_121]
	at javax.naming.InitialContext.getDefaultInitCtx(Unknown Source) ~[?:1.8.0_121]
	at javax.naming.InitialContext.getURLOrDefaultInitCtx(Unknown Source) ~[?:1.8.0_121]
	at javax.naming.InitialContext.getNameParser(Unknown Source) ~[?:1.8.0_121]
	at org.hibernate.engine.jndi.internal.JndiServiceImpl.parseName(JndiServiceImpl.java:118) ~[hibernate-core-5.1.4.Final.jar:5.1.4.Final]
	... 13 more
2017-03-10 17:57:31,717 [main] WARN  org.hibernate.internal.SessionFactoryRegistry - HHH000374: Could not unbind factory from JNDI
org.hibernate.engine.jndi.JndiException: Error parsing JNDI name []
	at org.hibernate.engine.jndi.internal.JndiServiceImpl.parseName(JndiServiceImpl.java:124) ~[hibernate-core-5.1.4.Final.jar:5.1.4.Final]
	at org.hibernate.engine.jndi.internal.JndiServiceImpl.unbind(JndiServiceImpl.java:208) ~[hibernate-core-5.1.4.Final.jar:5.1.4.Final]
	at org.hibernate.internal.SessionFactoryRegistry.removeSessionFactory(SessionFactoryRegistry.java:124) [hibernate-core-5.1.4.Final.jar:5.1.4.Final]
	at org.hibernate.internal.SessionFactoryImpl.close(SessionFactoryImpl.java:1078) [hibernate-core-5.1.4.Final.jar:5.1.4.Final]
	at edu.housesearcher.crawler.utils.HibernateUtil.closeSessionFactory(HibernateUtil.java:32) [classes/:?]
	at edu.housesearcher.crawler.client.CrawlerClient.main(CrawlerClient.java:21) [classes/:?]
Caused by: javax.naming.NoInitialContextException: Need to specify class name in environment or system property, or as an applet parameter, or in an application resource file:  java.naming.factory.initial
	at javax.naming.spi.NamingManager.getInitialContext(Unknown Source) ~[?:1.8.0_121]
	at javax.naming.InitialContext.getDefaultInitCtx(Unknown Source) ~[?:1.8.0_121]
	at javax.naming.InitialContext.getURLOrDefaultInitCtx(Unknown Source) ~[?:1.8.0_121]
	at javax.naming.InitialContext.getNameParser(Unknown Source) ~[?:1.8.0_121]
	at org.hibernate.engine.jndi.internal.JndiServiceImpl.parseName(JndiServiceImpl.java:118) ~[hibernate-core-5.1.4.Final.jar:5.1.4.Final]
	... 5 more
2017-03-10 18:04:43,234 [pool-1-thread-2] WARN  org.hibernate.orm.deprecation - HHH90000012: Recognized obsolete hibernate namespace http://hibernate.sourceforge.net/hibernate-mapping. Use namespace http://www.hibernate.org/dtd/hibernate-mapping instead.  Support for obsolete DTD/XSD namespaces may be removed at any time.
2017-03-10 18:04:44,104 [pool-1-thread-2] WARN  org.hibernate.orm.deprecation - HHH90000012: Recognized obsolete hibernate namespace http://hibernate.sourceforge.net/hibernate-mapping. Use namespace http://www.hibernate.org/dtd/hibernate-mapping instead.  Support for obsolete DTD/XSD namespaces may be removed at any time.
2017-03-10 18:04:44,120 [pool-1-thread-2] WARN  org.hibernate.orm.deprecation - HHH90000012: Recognized obsolete hibernate namespace http://hibernate.sourceforge.net/hibernate-mapping. Use namespace http://www.hibernate.org/dtd/hibernate-mapping instead.  Support for obsolete DTD/XSD namespaces may be removed at any time.
2017-03-10 18:04:44,135 [pool-1-thread-2] WARN  org.hibernate.orm.deprecation - HHH90000012: Recognized obsolete hibernate namespace http://hibernate.sourceforge.net/hibernate-mapping. Use namespace http://www.hibernate.org/dtd/hibernate-mapping instead.  Support for obsolete DTD/XSD namespaces may be removed at any time.
2017-03-10 18:04:44,147 [pool-1-thread-2] WARN  org.hibernate.orm.deprecation - HHH90000012: Recognized obsolete hibernate namespace http://hibernate.sourceforge.net/hibernate-mapping. Use namespace http://www.hibernate.org/dtd/hibernate-mapping instead.  Support for obsolete DTD/XSD namespaces may be removed at any time.
2017-03-10 18:04:44,282 [pool-1-thread-2] WARN  org.hibernate.orm.connections.pooling - HHH10001002: Using Hibernate built-in connection pool (not for production use!)
2017-03-10 18:04:45,276 [pool-1-thread-2] WARN  org.hibernate.internal.SessionFactoryRegistry - HHH000277: Could not bind factory to JNDI
org.hibernate.engine.jndi.JndiException: Error parsing JNDI name []
	at org.hibernate.engine.jndi.internal.JndiServiceImpl.parseName(JndiServiceImpl.java:124) ~[hibernate-core-5.1.4.Final.jar:5.1.4.Final]
	at org.hibernate.engine.jndi.internal.JndiServiceImpl.bind(JndiServiceImpl.java:140) ~[hibernate-core-5.1.4.Final.jar:5.1.4.Final]
	at org.hibernate.internal.SessionFactoryRegistry.addSessionFactory(SessionFactoryRegistry.java:88) [hibernate-core-5.1.4.Final.jar:5.1.4.Final]
	at org.hibernate.internal.SessionFactoryImpl.<init>(SessionFactoryImpl.java:523) [hibernate-core-5.1.4.Final.jar:5.1.4.Final]
	at org.hibernate.boot.internal.SessionFactoryBuilderImpl.build(SessionFactoryBuilderImpl.java:465) [hibernate-core-5.1.4.Final.jar:5.1.4.Final]
	at org.hibernate.cfg.Configuration.buildSessionFactory(Configuration.java:711) [hibernate-core-5.1.4.Final.jar:5.1.4.Final]
	at org.hibernate.cfg.Configuration.buildSessionFactory(Configuration.java:727) [hibernate-core-5.1.4.Final.jar:5.1.4.Final]
	at edu.housesearcher.crawler.utils.HibernateUtil.<clinit>(HibernateUtil.java:20) [classes/:?]
	at edu.housesearcher.crawler.lianjia.LianJiaHrefListCrawler$4.doSave(LianJiaHrefListCrawler.java:109) [classes/:?]
	at edu.housesearcher.crawler.manager.AWebpageManager.save(AWebpageManager.java:65) [classes/:?]
	at edu.housesearcher.crawler.lianjia.LianJiaHrefListCrawler.run(LianJiaHrefListCrawler.java:181) [classes/:?]
	at java.util.concurrent.ThreadPoolExecutor.runWorker(Unknown Source) [?:1.8.0_121]
	at java.util.concurrent.ThreadPoolExecutor$Worker.run(Unknown Source) [?:1.8.0_121]
	at java.lang.Thread.run(Unknown Source) [?:1.8.0_121]
Caused by: javax.naming.NoInitialContextException: Need to specify class name in environment or system property, or as an applet parameter, or in an application resource file:  java.naming.factory.initial
	at javax.naming.spi.NamingManager.getInitialContext(Unknown Source) ~[?:1.8.0_121]
	at javax.naming.InitialContext.getDefaultInitCtx(Unknown Source) ~[?:1.8.0_121]
	at javax.naming.InitialContext.getURLOrDefaultInitCtx(Unknown Source) ~[?:1.8.0_121]
	at javax.naming.InitialContext.getNameParser(Unknown Source) ~[?:1.8.0_121]
	at org.hibernate.engine.jndi.internal.JndiServiceImpl.parseName(JndiServiceImpl.java:118) ~[hibernate-core-5.1.4.Final.jar:5.1.4.Final]
	... 13 more
2017-03-10 18:05:13,692 [main] WARN  org.hibernate.internal.SessionFactoryRegistry - HHH000374: Could not unbind factory from JNDI
org.hibernate.engine.jndi.JndiException: Error parsing JNDI name []
	at org.hibernate.engine.jndi.internal.JndiServiceImpl.parseName(JndiServiceImpl.java:124) ~[hibernate-core-5.1.4.Final.jar:5.1.4.Final]
	at org.hibernate.engine.jndi.internal.JndiServiceImpl.unbind(JndiServiceImpl.java:208) ~[hibernate-core-5.1.4.Final.jar:5.1.4.Final]
	at org.hibernate.internal.SessionFactoryRegistry.removeSessionFactory(SessionFactoryRegistry.java:124) [hibernate-core-5.1.4.Final.jar:5.1.4.Final]
	at org.hibernate.internal.SessionFactoryImpl.close(SessionFactoryImpl.java:1078) [hibernate-core-5.1.4.Final.jar:5.1.4.Final]
	at edu.housesearcher.crawler.utils.HibernateUtil.closeSessionFactory(HibernateUtil.java:32) [classes/:?]
	at edu.housesearcher.crawler.client.CrawlerClient.main(CrawlerClient.java:21) [classes/:?]
Caused by: javax.naming.NoInitialContextException: Need to specify class name in environment or system property, or as an applet parameter, or in an application resource file:  java.naming.factory.initial
	at javax.naming.spi.NamingManager.getInitialContext(Unknown Source) ~[?:1.8.0_121]
	at javax.naming.InitialContext.getDefaultInitCtx(Unknown Source) ~[?:1.8.0_121]
	at javax.naming.InitialContext.getURLOrDefaultInitCtx(Unknown Source) ~[?:1.8.0_121]
	at javax.naming.InitialContext.getNameParser(Unknown Source) ~[?:1.8.0_121]
	at org.hibernate.engine.jndi.internal.JndiServiceImpl.parseName(JndiServiceImpl.java:118) ~[hibernate-core-5.1.4.Final.jar:5.1.4.Final]
	... 5 more
2017-03-10 18:54:23,537 [pool-1-thread-3] WARN  org.hibernate.orm.deprecation - HHH90000012: Recognized obsolete hibernate namespace http://hibernate.sourceforge.net/hibernate-mapping. Use namespace http://www.hibernate.org/dtd/hibernate-mapping instead.  Support for obsolete DTD/XSD namespaces may be removed at any time.
2017-03-10 18:54:24,398 [pool-1-thread-3] WARN  org.hibernate.orm.deprecation - HHH90000012: Recognized obsolete hibernate namespace http://hibernate.sourceforge.net/hibernate-mapping. Use namespace http://www.hibernate.org/dtd/hibernate-mapping instead.  Support for obsolete DTD/XSD namespaces may be removed at any time.
2017-03-10 18:54:24,416 [pool-1-thread-3] WARN  org.hibernate.orm.deprecation - HHH90000012: Recognized obsolete hibernate namespace http://hibernate.sourceforge.net/hibernate-mapping. Use namespace http://www.hibernate.org/dtd/hibernate-mapping instead.  Support for obsolete DTD/XSD namespaces may be removed at any time.
2017-03-10 18:54:24,429 [pool-1-thread-3] WARN  org.hibernate.orm.deprecation - HHH90000012: Recognized obsolete hibernate namespace http://hibernate.sourceforge.net/hibernate-mapping. Use namespace http://www.hibernate.org/dtd/hibernate-mapping instead.  Support for obsolete DTD/XSD namespaces may be removed at any time.
2017-03-10 18:54:24,440 [pool-1-thread-3] WARN  org.hibernate.orm.deprecation - HHH90000012: Recognized obsolete hibernate namespace http://hibernate.sourceforge.net/hibernate-mapping. Use namespace http://www.hibernate.org/dtd/hibernate-mapping instead.  Support for obsolete DTD/XSD namespaces may be removed at any time.
2017-03-10 18:54:24,551 [pool-1-thread-3] WARN  org.hibernate.orm.connections.pooling - HHH10001002: Using Hibernate built-in connection pool (not for production use!)
2017-03-10 18:54:25,420 [pool-1-thread-3] WARN  org.hibernate.internal.SessionFactoryRegistry - HHH000277: Could not bind factory to JNDI
org.hibernate.engine.jndi.JndiException: Error parsing JNDI name []
	at org.hibernate.engine.jndi.internal.JndiServiceImpl.parseName(JndiServiceImpl.java:124) ~[hibernate-core-5.1.4.Final.jar:5.1.4.Final]
	at org.hibernate.engine.jndi.internal.JndiServiceImpl.bind(JndiServiceImpl.java:140) ~[hibernate-core-5.1.4.Final.jar:5.1.4.Final]
	at org.hibernate.internal.SessionFactoryRegistry.addSessionFactory(SessionFactoryRegistry.java:88) [hibernate-core-5.1.4.Final.jar:5.1.4.Final]
	at org.hibernate.internal.SessionFactoryImpl.<init>(SessionFactoryImpl.java:523) [hibernate-core-5.1.4.Final.jar:5.1.4.Final]
	at org.hibernate.boot.internal.SessionFactoryBuilderImpl.build(SessionFactoryBuilderImpl.java:465) [hibernate-core-5.1.4.Final.jar:5.1.4.Final]
	at org.hibernate.cfg.Configuration.buildSessionFactory(Configuration.java:711) [hibernate-core-5.1.4.Final.jar:5.1.4.Final]
	at org.hibernate.cfg.Configuration.buildSessionFactory(Configuration.java:727) [hibernate-core-5.1.4.Final.jar:5.1.4.Final]
	at edu.housesearcher.crawler.utils.HibernateUtil.<clinit>(HibernateUtil.java:20) [classes/:?]
	at edu.housesearcher.crawler.lianjia.LianJiaHrefListCrawler$4.doSave(LianJiaHrefListCrawler.java:118) [classes/:?]
	at edu.housesearcher.crawler.manager.AWebpageManager.save(AWebpageManager.java:65) [classes/:?]
	at edu.housesearcher.crawler.lianjia.LianJiaHrefListCrawler.run(LianJiaHrefListCrawler.java:190) [classes/:?]
	at java.util.concurrent.ThreadPoolExecutor.runWorker(Unknown Source) [?:1.8.0_121]
	at java.util.concurrent.ThreadPoolExecutor$Worker.run(Unknown Source) [?:1.8.0_121]
	at java.lang.Thread.run(Unknown Source) [?:1.8.0_121]
Caused by: javax.naming.NoInitialContextException: Need to specify class name in environment or system property, or as an applet parameter, or in an application resource file:  java.naming.factory.initial
	at javax.naming.spi.NamingManager.getInitialContext(Unknown Source) ~[?:1.8.0_121]
	at javax.naming.InitialContext.getDefaultInitCtx(Unknown Source) ~[?:1.8.0_121]
	at javax.naming.InitialContext.getURLOrDefaultInitCtx(Unknown Source) ~[?:1.8.0_121]
	at javax.naming.InitialContext.getNameParser(Unknown Source) ~[?:1.8.0_121]
	at org.hibernate.engine.jndi.internal.JndiServiceImpl.parseName(JndiServiceImpl.java:118) ~[hibernate-core-5.1.4.Final.jar:5.1.4.Final]
	... 13 more
2017-03-10 18:55:03,447 [main] WARN  org.hibernate.internal.SessionFactoryRegistry - HHH000374: Could not unbind factory from JNDI
org.hibernate.engine.jndi.JndiException: Error parsing JNDI name []
	at org.hibernate.engine.jndi.internal.JndiServiceImpl.parseName(JndiServiceImpl.java:124) ~[hibernate-core-5.1.4.Final.jar:5.1.4.Final]
	at org.hibernate.engine.jndi.internal.JndiServiceImpl.unbind(JndiServiceImpl.java:208) ~[hibernate-core-5.1.4.Final.jar:5.1.4.Final]
	at org.hibernate.internal.SessionFactoryRegistry.removeSessionFactory(SessionFactoryRegistry.java:124) [hibernate-core-5.1.4.Final.jar:5.1.4.Final]
	at org.hibernate.internal.SessionFactoryImpl.close(SessionFactoryImpl.java:1078) [hibernate-core-5.1.4.Final.jar:5.1.4.Final]
	at edu.housesearcher.crawler.utils.HibernateUtil.closeSessionFactory(HibernateUtil.java:32) [classes/:?]
	at edu.housesearcher.crawler.client.CrawlerClient.main(CrawlerClient.java:21) [classes/:?]
Caused by: javax.naming.NoInitialContextException: Need to specify class name in environment or system property, or as an applet parameter, or in an application resource file:  java.naming.factory.initial
	at javax.naming.spi.NamingManager.getInitialContext(Unknown Source) ~[?:1.8.0_121]
	at javax.naming.InitialContext.getDefaultInitCtx(Unknown Source) ~[?:1.8.0_121]
	at javax.naming.InitialContext.getURLOrDefaultInitCtx(Unknown Source) ~[?:1.8.0_121]
	at javax.naming.InitialContext.getNameParser(Unknown Source) ~[?:1.8.0_121]
	at org.hibernate.engine.jndi.internal.JndiServiceImpl.parseName(JndiServiceImpl.java:118) ~[hibernate-core-5.1.4.Final.jar:5.1.4.Final]
	... 5 more
2017-03-11 10:22:08,524 [main] WARN  org.hibernate.orm.deprecation - HHH90000012: Recognized obsolete hibernate namespace http://hibernate.sourceforge.net/hibernate-mapping. Use namespace http://www.hibernate.org/dtd/hibernate-mapping instead.  Support for obsolete DTD/XSD namespaces may be removed at any time.
2017-03-11 10:22:09,546 [main] WARN  org.hibernate.orm.deprecation - HHH90000012: Recognized obsolete hibernate namespace http://hibernate.sourceforge.net/hibernate-mapping. Use namespace http://www.hibernate.org/dtd/hibernate-mapping instead.  Support for obsolete DTD/XSD namespaces may be removed at any time.
2017-03-11 10:22:09,562 [main] WARN  org.hibernate.orm.deprecation - HHH90000012: Recognized obsolete hibernate namespace http://hibernate.sourceforge.net/hibernate-mapping. Use namespace http://www.hibernate.org/dtd/hibernate-mapping instead.  Support for obsolete DTD/XSD namespaces may be removed at any time.
2017-03-11 10:22:09,576 [main] WARN  org.hibernate.orm.deprecation - HHH90000012: Recognized obsolete hibernate namespace http://hibernate.sourceforge.net/hibernate-mapping. Use namespace http://www.hibernate.org/dtd/hibernate-mapping instead.  Support for obsolete DTD/XSD namespaces may be removed at any time.
2017-03-11 10:22:09,587 [main] WARN  org.hibernate.orm.deprecation - HHH90000012: Recognized obsolete hibernate namespace http://hibernate.sourceforge.net/hibernate-mapping. Use namespace http://www.hibernate.org/dtd/hibernate-mapping instead.  Support for obsolete DTD/XSD namespaces may be removed at any time.
2017-03-11 10:22:09,758 [main] WARN  org.hibernate.orm.connections.pooling - HHH10001002: Using Hibernate built-in connection pool (not for production use!)
2017-03-11 10:22:10,669 [main] WARN  org.hibernate.internal.SessionFactoryRegistry - HHH000277: Could not bind factory to JNDI
org.hibernate.engine.jndi.JndiException: Error parsing JNDI name []
	at org.hibernate.engine.jndi.internal.JndiServiceImpl.parseName(JndiServiceImpl.java:124) ~[hibernate-core-5.1.4.Final.jar:5.1.4.Final]
	at org.hibernate.engine.jndi.internal.JndiServiceImpl.bind(JndiServiceImpl.java:140) ~[hibernate-core-5.1.4.Final.jar:5.1.4.Final]
	at org.hibernate.internal.SessionFactoryRegistry.addSessionFactory(SessionFactoryRegistry.java:88) [hibernate-core-5.1.4.Final.jar:5.1.4.Final]
	at org.hibernate.internal.SessionFactoryImpl.<init>(SessionFactoryImpl.java:523) [hibernate-core-5.1.4.Final.jar:5.1.4.Final]
	at org.hibernate.boot.internal.SessionFactoryBuilderImpl.build(SessionFactoryBuilderImpl.java:465) [hibernate-core-5.1.4.Final.jar:5.1.4.Final]
	at org.hibernate.cfg.Configuration.buildSessionFactory(Configuration.java:711) [hibernate-core-5.1.4.Final.jar:5.1.4.Final]
	at org.hibernate.cfg.Configuration.buildSessionFactory(Configuration.java:727) [hibernate-core-5.1.4.Final.jar:5.1.4.Final]
	at edu.housesearcher.crawler.utils.HibernateUtil.<clinit>(HibernateUtil.java:20) [classes/:?]
	at edu.housesearcher.crawler.utils.StatusValueUtil.setStatusValue(StatusValueUtil.java:49) [classes/:?]
	at edu.housesearcher.crawler.utils.StatusValueUtil.test(StatusValueUtil.java:67) [classes/:?]
	at sun.reflect.NativeMethodAccessorImpl.invoke0(Native Method) ~[?:1.8.0_121]
	at sun.reflect.NativeMethodAccessorImpl.invoke(Unknown Source) ~[?:1.8.0_121]
	at sun.reflect.DelegatingMethodAccessorImpl.invoke(Unknown Source) ~[?:1.8.0_121]
	at java.lang.reflect.Method.invoke(Unknown Source) ~[?:1.8.0_121]
	at org.junit.runners.model.FrameworkMethod$1.runReflectiveCall(FrameworkMethod.java:50) [junit.jar:4.12]
	at org.junit.internal.runners.model.ReflectiveCallable.run(ReflectiveCallable.java:12) [junit.jar:4.12]
	at org.junit.runners.model.FrameworkMethod.invokeExplosively(FrameworkMethod.java:47) [junit.jar:4.12]
	at org.junit.internal.runners.statements.InvokeMethod.evaluate(InvokeMethod.java:17) [junit.jar:4.12]
	at org.junit.runners.ParentRunner.runLeaf(ParentRunner.java:325) [junit.jar:4.12]
	at org.junit.runners.BlockJUnit4ClassRunner.runChild(BlockJUnit4ClassRunner.java:78) [junit.jar:4.12]
	at org.junit.runners.BlockJUnit4ClassRunner.runChild(BlockJUnit4ClassRunner.java:57) [junit.jar:4.12]
	at org.junit.runners.ParentRunner$3.run(ParentRunner.java:290) [junit.jar:4.12]
	at org.junit.runners.ParentRunner$1.schedule(ParentRunner.java:71) [junit.jar:4.12]
	at org.junit.runners.ParentRunner.runChildren(ParentRunner.java:288) [junit.jar:4.12]
	at org.junit.runners.ParentRunner.access$000(ParentRunner.java:58) [junit.jar:4.12]
	at org.junit.runners.ParentRunner$2.evaluate(ParentRunner.java:268) [junit.jar:4.12]
	at org.junit.runners.ParentRunner.run(ParentRunner.java:363) [junit.jar:4.12]
	at org.eclipse.jdt.internal.junit4.runner.JUnit4TestReference.run(JUnit4TestReference.java:86) [.cp/:?]
	at org.eclipse.jdt.internal.junit.runner.TestExecution.run(TestExecution.java:38) [.cp/:?]
	at org.eclipse.jdt.internal.junit.runner.RemoteTestRunner.runTests(RemoteTestRunner.java:459) [.cp/:?]
	at org.eclipse.jdt.internal.junit.runner.RemoteTestRunner.runTests(RemoteTestRunner.java:675) [.cp/:?]
	at org.eclipse.jdt.internal.junit.runner.RemoteTestRunner.run(RemoteTestRunner.java:382) [.cp/:?]
	at org.eclipse.jdt.internal.junit.runner.RemoteTestRunner.main(RemoteTestRunner.java:192) [.cp/:?]
Caused by: javax.naming.NoInitialContextException: Need to specify class name in environment or system property, or as an applet parameter, or in an application resource file:  java.naming.factory.initial
	at javax.naming.spi.NamingManager.getInitialContext(Unknown Source) ~[?:1.8.0_121]
	at javax.naming.InitialContext.getDefaultInitCtx(Unknown Source) ~[?:1.8.0_121]
	at javax.naming.InitialContext.getURLOrDefaultInitCtx(Unknown Source) ~[?:1.8.0_121]
	at javax.naming.InitialContext.getNameParser(Unknown Source) ~[?:1.8.0_121]
	at org.hibernate.engine.jndi.internal.JndiServiceImpl.parseName(JndiServiceImpl.java:118) ~[hibernate-core-5.1.4.Final.jar:5.1.4.Final]
	... 32 more
2017-03-11 10:23:07,226 [main] WARN  org.hibernate.orm.deprecation - HHH90000012: Recognized obsolete hibernate namespace http://hibernate.sourceforge.net/hibernate-mapping. Use namespace http://www.hibernate.org/dtd/hibernate-mapping instead.  Support for obsolete DTD/XSD namespaces may be removed at any time.
2017-03-11 10:23:08,023 [main] WARN  org.hibernate.orm.deprecation - HHH90000012: Recognized obsolete hibernate namespace http://hibernate.sourceforge.net/hibernate-mapping. Use namespace http://www.hibernate.org/dtd/hibernate-mapping instead.  Support for obsolete DTD/XSD namespaces may be removed at any time.
2017-03-11 10:23:08,039 [main] WARN  org.hibernate.orm.deprecation - HHH90000012: Recognized obsolete hibernate namespace http://hibernate.sourceforge.net/hibernate-mapping. Use namespace http://www.hibernate.org/dtd/hibernate-mapping instead.  Support for obsolete DTD/XSD namespaces may be removed at any time.
2017-03-11 10:23:08,053 [main] WARN  org.hibernate.orm.deprecation - HHH90000012: Recognized obsolete hibernate namespace http://hibernate.sourceforge.net/hibernate-mapping. Use namespace http://www.hibernate.org/dtd/hibernate-mapping instead.  Support for obsolete DTD/XSD namespaces may be removed at any time.
2017-03-11 10:23:08,065 [main] WARN  org.hibernate.orm.deprecation - HHH90000012: Recognized obsolete hibernate namespace http://hibernate.sourceforge.net/hibernate-mapping. Use namespace http://www.hibernate.org/dtd/hibernate-mapping instead.  Support for obsolete DTD/XSD namespaces may be removed at any time.
2017-03-11 10:23:08,221 [main] WARN  org.hibernate.orm.connections.pooling - HHH10001002: Using Hibernate built-in connection pool (not for production use!)
2017-03-11 10:23:09,068 [main] WARN  org.hibernate.internal.SessionFactoryRegistry - HHH000277: Could not bind factory to JNDI
org.hibernate.engine.jndi.JndiException: Error parsing JNDI name []
	at org.hibernate.engine.jndi.internal.JndiServiceImpl.parseName(JndiServiceImpl.java:124) ~[hibernate-core-5.1.4.Final.jar:5.1.4.Final]
	at org.hibernate.engine.jndi.internal.JndiServiceImpl.bind(JndiServiceImpl.java:140) ~[hibernate-core-5.1.4.Final.jar:5.1.4.Final]
	at org.hibernate.internal.SessionFactoryRegistry.addSessionFactory(SessionFactoryRegistry.java:88) [hibernate-core-5.1.4.Final.jar:5.1.4.Final]
	at org.hibernate.internal.SessionFactoryImpl.<init>(SessionFactoryImpl.java:523) [hibernate-core-5.1.4.Final.jar:5.1.4.Final]
	at org.hibernate.boot.internal.SessionFactoryBuilderImpl.build(SessionFactoryBuilderImpl.java:465) [hibernate-core-5.1.4.Final.jar:5.1.4.Final]
	at org.hibernate.cfg.Configuration.buildSessionFactory(Configuration.java:711) [hibernate-core-5.1.4.Final.jar:5.1.4.Final]
	at org.hibernate.cfg.Configuration.buildSessionFactory(Configuration.java:727) [hibernate-core-5.1.4.Final.jar:5.1.4.Final]
	at edu.housesearcher.crawler.utils.HibernateUtil.<clinit>(HibernateUtil.java:20) [classes/:?]
	at edu.housesearcher.crawler.utils.StatusValueUtil.setStatusValue(StatusValueUtil.java:49) [classes/:?]
	at edu.housesearcher.crawler.utils.StatusValueUtil.test(StatusValueUtil.java:67) [classes/:?]
	at sun.reflect.NativeMethodAccessorImpl.invoke0(Native Method) ~[?:1.8.0_121]
	at sun.reflect.NativeMethodAccessorImpl.invoke(Unknown Source) ~[?:1.8.0_121]
	at sun.reflect.DelegatingMethodAccessorImpl.invoke(Unknown Source) ~[?:1.8.0_121]
	at java.lang.reflect.Method.invoke(Unknown Source) ~[?:1.8.0_121]
	at org.junit.runners.model.FrameworkMethod$1.runReflectiveCall(FrameworkMethod.java:50) [junit.jar:4.12]
	at org.junit.internal.runners.model.ReflectiveCallable.run(ReflectiveCallable.java:12) [junit.jar:4.12]
	at org.junit.runners.model.FrameworkMethod.invokeExplosively(FrameworkMethod.java:47) [junit.jar:4.12]
	at org.junit.internal.runners.statements.InvokeMethod.evaluate(InvokeMethod.java:17) [junit.jar:4.12]
	at org.junit.runners.ParentRunner.runLeaf(ParentRunner.java:325) [junit.jar:4.12]
	at org.junit.runners.BlockJUnit4ClassRunner.runChild(BlockJUnit4ClassRunner.java:78) [junit.jar:4.12]
	at org.junit.runners.BlockJUnit4ClassRunner.runChild(BlockJUnit4ClassRunner.java:57) [junit.jar:4.12]
	at org.junit.runners.ParentRunner$3.run(ParentRunner.java:290) [junit.jar:4.12]
	at org.junit.runners.ParentRunner$1.schedule(ParentRunner.java:71) [junit.jar:4.12]
	at org.junit.runners.ParentRunner.runChildren(ParentRunner.java:288) [junit.jar:4.12]
	at org.junit.runners.ParentRunner.access$000(ParentRunner.java:58) [junit.jar:4.12]
	at org.junit.runners.ParentRunner$2.evaluate(ParentRunner.java:268) [junit.jar:4.12]
	at org.junit.runners.ParentRunner.run(ParentRunner.java:363) [junit.jar:4.12]
	at org.eclipse.jdt.internal.junit4.runner.JUnit4TestReference.run(JUnit4TestReference.java:86) [.cp/:?]
	at org.eclipse.jdt.internal.junit.runner.TestExecution.run(TestExecution.java:38) [.cp/:?]
	at org.eclipse.jdt.internal.junit.runner.RemoteTestRunner.runTests(RemoteTestRunner.java:459) [.cp/:?]
	at org.eclipse.jdt.internal.junit.runner.RemoteTestRunner.runTests(RemoteTestRunner.java:675) [.cp/:?]
	at org.eclipse.jdt.internal.junit.runner.RemoteTestRunner.run(RemoteTestRunner.java:382) [.cp/:?]
	at org.eclipse.jdt.internal.junit.runner.RemoteTestRunner.main(RemoteTestRunner.java:192) [.cp/:?]
Caused by: javax.naming.NoInitialContextException: Need to specify class name in environment or system property, or as an applet parameter, or in an application resource file:  java.naming.factory.initial
	at javax.naming.spi.NamingManager.getInitialContext(Unknown Source) ~[?:1.8.0_121]
	at javax.naming.InitialContext.getDefaultInitCtx(Unknown Source) ~[?:1.8.0_121]
	at javax.naming.InitialContext.getURLOrDefaultInitCtx(Unknown Source) ~[?:1.8.0_121]
	at javax.naming.InitialContext.getNameParser(Unknown Source) ~[?:1.8.0_121]
	at org.hibernate.engine.jndi.internal.JndiServiceImpl.parseName(JndiServiceImpl.java:118) ~[hibernate-core-5.1.4.Final.jar:5.1.4.Final]
	... 32 more
2017-03-11 10:24:04,117 [main] WARN  org.hibernate.orm.deprecation - HHH90000012: Recognized obsolete hibernate namespace http://hibernate.sourceforge.net/hibernate-mapping. Use namespace http://www.hibernate.org/dtd/hibernate-mapping instead.  Support for obsolete DTD/XSD namespaces may be removed at any time.
2017-03-11 10:24:04,887 [main] WARN  org.hibernate.orm.deprecation - HHH90000012: Recognized obsolete hibernate namespace http://hibernate.sourceforge.net/hibernate-mapping. Use namespace http://www.hibernate.org/dtd/hibernate-mapping instead.  Support for obsolete DTD/XSD namespaces may be removed at any time.
2017-03-11 10:24:04,901 [main] WARN  org.hibernate.orm.deprecation - HHH90000012: Recognized obsolete hibernate namespace http://hibernate.sourceforge.net/hibernate-mapping. Use namespace http://www.hibernate.org/dtd/hibernate-mapping instead.  Support for obsolete DTD/XSD namespaces may be removed at any time.
2017-03-11 10:24:04,914 [main] WARN  org.hibernate.orm.deprecation - HHH90000012: Recognized obsolete hibernate namespace http://hibernate.sourceforge.net/hibernate-mapping. Use namespace http://www.hibernate.org/dtd/hibernate-mapping instead.  Support for obsolete DTD/XSD namespaces may be removed at any time.
2017-03-11 10:24:04,924 [main] WARN  org.hibernate.orm.deprecation - HHH90000012: Recognized obsolete hibernate namespace http://hibernate.sourceforge.net/hibernate-mapping. Use namespace http://www.hibernate.org/dtd/hibernate-mapping instead.  Support for obsolete DTD/XSD namespaces may be removed at any time.
2017-03-11 10:24:05,077 [main] WARN  org.hibernate.orm.connections.pooling - HHH10001002: Using Hibernate built-in connection pool (not for production use!)
2017-03-11 10:24:05,951 [main] WARN  org.hibernate.internal.SessionFactoryRegistry - HHH000277: Could not bind factory to JNDI
org.hibernate.engine.jndi.JndiException: Error parsing JNDI name []
	at org.hibernate.engine.jndi.internal.JndiServiceImpl.parseName(JndiServiceImpl.java:124) ~[hibernate-core-5.1.4.Final.jar:5.1.4.Final]
	at org.hibernate.engine.jndi.internal.JndiServiceImpl.bind(JndiServiceImpl.java:140) ~[hibernate-core-5.1.4.Final.jar:5.1.4.Final]
	at org.hibernate.internal.SessionFactoryRegistry.addSessionFactory(SessionFactoryRegistry.java:88) [hibernate-core-5.1.4.Final.jar:5.1.4.Final]
	at org.hibernate.internal.SessionFactoryImpl.<init>(SessionFactoryImpl.java:523) [hibernate-core-5.1.4.Final.jar:5.1.4.Final]
	at org.hibernate.boot.internal.SessionFactoryBuilderImpl.build(SessionFactoryBuilderImpl.java:465) [hibernate-core-5.1.4.Final.jar:5.1.4.Final]
	at org.hibernate.cfg.Configuration.buildSessionFactory(Configuration.java:711) [hibernate-core-5.1.4.Final.jar:5.1.4.Final]
	at org.hibernate.cfg.Configuration.buildSessionFactory(Configuration.java:727) [hibernate-core-5.1.4.Final.jar:5.1.4.Final]
	at edu.housesearcher.crawler.utils.HibernateUtil.<clinit>(HibernateUtil.java:20) [classes/:?]
	at edu.housesearcher.crawler.utils.StatusValueUtil.setStatusValue(StatusValueUtil.java:49) [classes/:?]
	at edu.housesearcher.crawler.utils.StatusValueUtil.test(StatusValueUtil.java:67) [classes/:?]
	at sun.reflect.NativeMethodAccessorImpl.invoke0(Native Method) ~[?:1.8.0_121]
	at sun.reflect.NativeMethodAccessorImpl.invoke(Unknown Source) ~[?:1.8.0_121]
	at sun.reflect.DelegatingMethodAccessorImpl.invoke(Unknown Source) ~[?:1.8.0_121]
	at java.lang.reflect.Method.invoke(Unknown Source) ~[?:1.8.0_121]
	at org.junit.runners.model.FrameworkMethod$1.runReflectiveCall(FrameworkMethod.java:50) [junit.jar:4.12]
	at org.junit.internal.runners.model.ReflectiveCallable.run(ReflectiveCallable.java:12) [junit.jar:4.12]
	at org.junit.runners.model.FrameworkMethod.invokeExplosively(FrameworkMethod.java:47) [junit.jar:4.12]
	at org.junit.internal.runners.statements.InvokeMethod.evaluate(InvokeMethod.java:17) [junit.jar:4.12]
	at org.junit.runners.ParentRunner.runLeaf(ParentRunner.java:325) [junit.jar:4.12]
	at org.junit.runners.BlockJUnit4ClassRunner.runChild(BlockJUnit4ClassRunner.java:78) [junit.jar:4.12]
	at org.junit.runners.BlockJUnit4ClassRunner.runChild(BlockJUnit4ClassRunner.java:57) [junit.jar:4.12]
	at org.junit.runners.ParentRunner$3.run(ParentRunner.java:290) [junit.jar:4.12]
	at org.junit.runners.ParentRunner$1.schedule(ParentRunner.java:71) [junit.jar:4.12]
	at org.junit.runners.ParentRunner.runChildren(ParentRunner.java:288) [junit.jar:4.12]
	at org.junit.runners.ParentRunner.access$000(ParentRunner.java:58) [junit.jar:4.12]
	at org.junit.runners.ParentRunner$2.evaluate(ParentRunner.java:268) [junit.jar:4.12]
	at org.junit.runners.ParentRunner.run(ParentRunner.java:363) [junit.jar:4.12]
	at org.eclipse.jdt.internal.junit4.runner.JUnit4TestReference.run(JUnit4TestReference.java:86) [.cp/:?]
	at org.eclipse.jdt.internal.junit.runner.TestExecution.run(TestExecution.java:38) [.cp/:?]
	at org.eclipse.jdt.internal.junit.runner.RemoteTestRunner.runTests(RemoteTestRunner.java:459) [.cp/:?]
	at org.eclipse.jdt.internal.junit.runner.RemoteTestRunner.runTests(RemoteTestRunner.java:675) [.cp/:?]
	at org.eclipse.jdt.internal.junit.runner.RemoteTestRunner.run(RemoteTestRunner.java:382) [.cp/:?]
	at org.eclipse.jdt.internal.junit.runner.RemoteTestRunner.main(RemoteTestRunner.java:192) [.cp/:?]
Caused by: javax.naming.NoInitialContextException: Need to specify class name in environment or system property, or as an applet parameter, or in an application resource file:  java.naming.factory.initial
	at javax.naming.spi.NamingManager.getInitialContext(Unknown Source) ~[?:1.8.0_121]
	at javax.naming.InitialContext.getDefaultInitCtx(Unknown Source) ~[?:1.8.0_121]
	at javax.naming.InitialContext.getURLOrDefaultInitCtx(Unknown Source) ~[?:1.8.0_121]
	at javax.naming.InitialContext.getNameParser(Unknown Source) ~[?:1.8.0_121]
	at org.hibernate.engine.jndi.internal.JndiServiceImpl.parseName(JndiServiceImpl.java:118) ~[hibernate-core-5.1.4.Final.jar:5.1.4.Final]
	... 32 more
2017-03-11 10:27:36,585 [main] WARN  org.hibernate.orm.deprecation - HHH90000012: Recognized obsolete hibernate namespace http://hibernate.sourceforge.net/hibernate-mapping. Use namespace http://www.hibernate.org/dtd/hibernate-mapping instead.  Support for obsolete DTD/XSD namespaces may be removed at any time.
2017-03-11 10:27:37,385 [main] WARN  org.hibernate.orm.deprecation - HHH90000012: Recognized obsolete hibernate namespace http://hibernate.sourceforge.net/hibernate-mapping. Use namespace http://www.hibernate.org/dtd/hibernate-mapping instead.  Support for obsolete DTD/XSD namespaces may be removed at any time.
2017-03-11 10:27:37,403 [main] WARN  org.hibernate.orm.deprecation - HHH90000012: Recognized obsolete hibernate namespace http://hibernate.sourceforge.net/hibernate-mapping. Use namespace http://www.hibernate.org/dtd/hibernate-mapping instead.  Support for obsolete DTD/XSD namespaces may be removed at any time.
2017-03-11 10:27:37,417 [main] WARN  org.hibernate.orm.deprecation - HHH90000012: Recognized obsolete hibernate namespace http://hibernate.sourceforge.net/hibernate-mapping. Use namespace http://www.hibernate.org/dtd/hibernate-mapping instead.  Support for obsolete DTD/XSD namespaces may be removed at any time.
2017-03-11 10:27:37,429 [main] WARN  org.hibernate.orm.deprecation - HHH90000012: Recognized obsolete hibernate namespace http://hibernate.sourceforge.net/hibernate-mapping. Use namespace http://www.hibernate.org/dtd/hibernate-mapping instead.  Support for obsolete DTD/XSD namespaces may be removed at any time.
2017-03-11 10:27:37,563 [main] WARN  org.hibernate.orm.connections.pooling - HHH10001002: Using Hibernate built-in connection pool (not for production use!)
2017-03-11 10:27:38,399 [main] WARN  org.hibernate.internal.SessionFactoryRegistry - HHH000277: Could not bind factory to JNDI
org.hibernate.engine.jndi.JndiException: Error parsing JNDI name []
	at org.hibernate.engine.jndi.internal.JndiServiceImpl.parseName(JndiServiceImpl.java:124) ~[hibernate-core-5.1.4.Final.jar:5.1.4.Final]
	at org.hibernate.engine.jndi.internal.JndiServiceImpl.bind(JndiServiceImpl.java:140) ~[hibernate-core-5.1.4.Final.jar:5.1.4.Final]
	at org.hibernate.internal.SessionFactoryRegistry.addSessionFactory(SessionFactoryRegistry.java:88) [hibernate-core-5.1.4.Final.jar:5.1.4.Final]
	at org.hibernate.internal.SessionFactoryImpl.<init>(SessionFactoryImpl.java:523) [hibernate-core-5.1.4.Final.jar:5.1.4.Final]
	at org.hibernate.boot.internal.SessionFactoryBuilderImpl.build(SessionFactoryBuilderImpl.java:465) [hibernate-core-5.1.4.Final.jar:5.1.4.Final]
	at org.hibernate.cfg.Configuration.buildSessionFactory(Configuration.java:711) [hibernate-core-5.1.4.Final.jar:5.1.4.Final]
	at org.hibernate.cfg.Configuration.buildSessionFactory(Configuration.java:727) [hibernate-core-5.1.4.Final.jar:5.1.4.Final]
	at edu.housesearcher.crawler.utils.HibernateUtil.<clinit>(HibernateUtil.java:20) [classes/:?]
	at edu.housesearcher.crawler.utils.StatusValueUtil.setStatusValue(StatusValueUtil.java:49) [classes/:?]
	at edu.housesearcher.crawler.utils.StatusValueUtil.test(StatusValueUtil.java:68) [classes/:?]
	at sun.reflect.NativeMethodAccessorImpl.invoke0(Native Method) ~[?:1.8.0_121]
	at sun.reflect.NativeMethodAccessorImpl.invoke(Unknown Source) ~[?:1.8.0_121]
	at sun.reflect.DelegatingMethodAccessorImpl.invoke(Unknown Source) ~[?:1.8.0_121]
	at java.lang.reflect.Method.invoke(Unknown Source) ~[?:1.8.0_121]
	at org.junit.runners.model.FrameworkMethod$1.runReflectiveCall(FrameworkMethod.java:50) [junit.jar:4.12]
	at org.junit.internal.runners.model.ReflectiveCallable.run(ReflectiveCallable.java:12) [junit.jar:4.12]
	at org.junit.runners.model.FrameworkMethod.invokeExplosively(FrameworkMethod.java:47) [junit.jar:4.12]
	at org.junit.internal.runners.statements.InvokeMethod.evaluate(InvokeMethod.java:17) [junit.jar:4.12]
	at org.junit.runners.ParentRunner.runLeaf(ParentRunner.java:325) [junit.jar:4.12]
	at org.junit.runners.BlockJUnit4ClassRunner.runChild(BlockJUnit4ClassRunner.java:78) [junit.jar:4.12]
	at org.junit.runners.BlockJUnit4ClassRunner.runChild(BlockJUnit4ClassRunner.java:57) [junit.jar:4.12]
	at org.junit.runners.ParentRunner$3.run(ParentRunner.java:290) [junit.jar:4.12]
	at org.junit.runners.ParentRunner$1.schedule(ParentRunner.java:71) [junit.jar:4.12]
	at org.junit.runners.ParentRunner.runChildren(ParentRunner.java:288) [junit.jar:4.12]
	at org.junit.runners.ParentRunner.access$000(ParentRunner.java:58) [junit.jar:4.12]
	at org.junit.runners.ParentRunner$2.evaluate(ParentRunner.java:268) [junit.jar:4.12]
	at org.junit.runners.ParentRunner.run(ParentRunner.java:363) [junit.jar:4.12]
	at org.eclipse.jdt.internal.junit4.runner.JUnit4TestReference.run(JUnit4TestReference.java:86) [.cp/:?]
	at org.eclipse.jdt.internal.junit.runner.TestExecution.run(TestExecution.java:38) [.cp/:?]
	at org.eclipse.jdt.internal.junit.runner.RemoteTestRunner.runTests(RemoteTestRunner.java:459) [.cp/:?]
	at org.eclipse.jdt.internal.junit.runner.RemoteTestRunner.runTests(RemoteTestRunner.java:675) [.cp/:?]
	at org.eclipse.jdt.internal.junit.runner.RemoteTestRunner.run(RemoteTestRunner.java:382) [.cp/:?]
	at org.eclipse.jdt.internal.junit.runner.RemoteTestRunner.main(RemoteTestRunner.java:192) [.cp/:?]
Caused by: javax.naming.NoInitialContextException: Need to specify class name in environment or system property, or as an applet parameter, or in an application resource file:  java.naming.factory.initial
	at javax.naming.spi.NamingManager.getInitialContext(Unknown Source) ~[?:1.8.0_121]
	at javax.naming.InitialContext.getDefaultInitCtx(Unknown Source) ~[?:1.8.0_121]
	at javax.naming.InitialContext.getURLOrDefaultInitCtx(Unknown Source) ~[?:1.8.0_121]
	at javax.naming.InitialContext.getNameParser(Unknown Source) ~[?:1.8.0_121]
	at org.hibernate.engine.jndi.internal.JndiServiceImpl.parseName(JndiServiceImpl.java:118) ~[hibernate-core-5.1.4.Final.jar:5.1.4.Final]
	... 32 more
2017-03-11 10:29:23,145 [main] WARN  org.hibernate.orm.deprecation - HHH90000012: Recognized obsolete hibernate namespace http://hibernate.sourceforge.net/hibernate-mapping. Use namespace http://www.hibernate.org/dtd/hibernate-mapping instead.  Support for obsolete DTD/XSD namespaces may be removed at any time.
2017-03-11 10:29:23,944 [main] WARN  org.hibernate.orm.deprecation - HHH90000012: Recognized obsolete hibernate namespace http://hibernate.sourceforge.net/hibernate-mapping. Use namespace http://www.hibernate.org/dtd/hibernate-mapping instead.  Support for obsolete DTD/XSD namespaces may be removed at any time.
2017-03-11 10:29:23,961 [main] WARN  org.hibernate.orm.deprecation - HHH90000012: Recognized obsolete hibernate namespace http://hibernate.sourceforge.net/hibernate-mapping. Use namespace http://www.hibernate.org/dtd/hibernate-mapping instead.  Support for obsolete DTD/XSD namespaces may be removed at any time.
2017-03-11 10:29:23,974 [main] WARN  org.hibernate.orm.deprecation - HHH90000012: Recognized obsolete hibernate namespace http://hibernate.sourceforge.net/hibernate-mapping. Use namespace http://www.hibernate.org/dtd/hibernate-mapping instead.  Support for obsolete DTD/XSD namespaces may be removed at any time.
2017-03-11 10:29:23,985 [main] WARN  org.hibernate.orm.deprecation - HHH90000012: Recognized obsolete hibernate namespace http://hibernate.sourceforge.net/hibernate-mapping. Use namespace http://www.hibernate.org/dtd/hibernate-mapping instead.  Support for obsolete DTD/XSD namespaces may be removed at any time.
2017-03-11 10:29:24,136 [main] WARN  org.hibernate.orm.connections.pooling - HHH10001002: Using Hibernate built-in connection pool (not for production use!)
2017-03-11 10:29:24,975 [main] WARN  org.hibernate.internal.SessionFactoryRegistry - HHH000277: Could not bind factory to JNDI
org.hibernate.engine.jndi.JndiException: Error parsing JNDI name []
	at org.hibernate.engine.jndi.internal.JndiServiceImpl.parseName(JndiServiceImpl.java:124) ~[hibernate-core-5.1.4.Final.jar:5.1.4.Final]
	at org.hibernate.engine.jndi.internal.JndiServiceImpl.bind(JndiServiceImpl.java:140) ~[hibernate-core-5.1.4.Final.jar:5.1.4.Final]
	at org.hibernate.internal.SessionFactoryRegistry.addSessionFactory(SessionFactoryRegistry.java:88) [hibernate-core-5.1.4.Final.jar:5.1.4.Final]
	at org.hibernate.internal.SessionFactoryImpl.<init>(SessionFactoryImpl.java:523) [hibernate-core-5.1.4.Final.jar:5.1.4.Final]
	at org.hibernate.boot.internal.SessionFactoryBuilderImpl.build(SessionFactoryBuilderImpl.java:465) [hibernate-core-5.1.4.Final.jar:5.1.4.Final]
	at org.hibernate.cfg.Configuration.buildSessionFactory(Configuration.java:711) [hibernate-core-5.1.4.Final.jar:5.1.4.Final]
	at org.hibernate.cfg.Configuration.buildSessionFactory(Configuration.java:727) [hibernate-core-5.1.4.Final.jar:5.1.4.Final]
	at edu.housesearcher.crawler.utils.HibernateUtil.<clinit>(HibernateUtil.java:20) [classes/:?]
	at edu.housesearcher.crawler.utils.StatusValueUtil.setStatusValue(StatusValueUtil.java:49) [classes/:?]
	at edu.housesearcher.crawler.utils.StatusValueUtil.test(StatusValueUtil.java:68) [classes/:?]
	at sun.reflect.NativeMethodAccessorImpl.invoke0(Native Method) ~[?:1.8.0_121]
	at sun.reflect.NativeMethodAccessorImpl.invoke(Unknown Source) ~[?:1.8.0_121]
	at sun.reflect.DelegatingMethodAccessorImpl.invoke(Unknown Source) ~[?:1.8.0_121]
	at java.lang.reflect.Method.invoke(Unknown Source) ~[?:1.8.0_121]
	at org.junit.runners.model.FrameworkMethod$1.runReflectiveCall(FrameworkMethod.java:50) [junit.jar:4.12]
	at org.junit.internal.runners.model.ReflectiveCallable.run(ReflectiveCallable.java:12) [junit.jar:4.12]
	at org.junit.runners.model.FrameworkMethod.invokeExplosively(FrameworkMethod.java:47) [junit.jar:4.12]
	at org.junit.internal.runners.statements.InvokeMethod.evaluate(InvokeMethod.java:17) [junit.jar:4.12]
	at org.junit.runners.ParentRunner.runLeaf(ParentRunner.java:325) [junit.jar:4.12]
	at org.junit.runners.BlockJUnit4ClassRunner.runChild(BlockJUnit4ClassRunner.java:78) [junit.jar:4.12]
	at org.junit.runners.BlockJUnit4ClassRunner.runChild(BlockJUnit4ClassRunner.java:57) [junit.jar:4.12]
	at org.junit.runners.ParentRunner$3.run(ParentRunner.java:290) [junit.jar:4.12]
	at org.junit.runners.ParentRunner$1.schedule(ParentRunner.java:71) [junit.jar:4.12]
	at org.junit.runners.ParentRunner.runChildren(ParentRunner.java:288) [junit.jar:4.12]
	at org.junit.runners.ParentRunner.access$000(ParentRunner.java:58) [junit.jar:4.12]
	at org.junit.runners.ParentRunner$2.evaluate(ParentRunner.java:268) [junit.jar:4.12]
	at org.junit.runners.ParentRunner.run(ParentRunner.java:363) [junit.jar:4.12]
	at org.eclipse.jdt.internal.junit4.runner.JUnit4TestReference.run(JUnit4TestReference.java:86) [.cp/:?]
	at org.eclipse.jdt.internal.junit.runner.TestExecution.run(TestExecution.java:38) [.cp/:?]
	at org.eclipse.jdt.internal.junit.runner.RemoteTestRunner.runTests(RemoteTestRunner.java:459) [.cp/:?]
	at org.eclipse.jdt.internal.junit.runner.RemoteTestRunner.runTests(RemoteTestRunner.java:675) [.cp/:?]
	at org.eclipse.jdt.internal.junit.runner.RemoteTestRunner.run(RemoteTestRunner.java:382) [.cp/:?]
	at org.eclipse.jdt.internal.junit.runner.RemoteTestRunner.main(RemoteTestRunner.java:192) [.cp/:?]
Caused by: javax.naming.NoInitialContextException: Need to specify class name in environment or system property, or as an applet parameter, or in an application resource file:  java.naming.factory.initial
	at javax.naming.spi.NamingManager.getInitialContext(Unknown Source) ~[?:1.8.0_121]
	at javax.naming.InitialContext.getDefaultInitCtx(Unknown Source) ~[?:1.8.0_121]
	at javax.naming.InitialContext.getURLOrDefaultInitCtx(Unknown Source) ~[?:1.8.0_121]
	at javax.naming.InitialContext.getNameParser(Unknown Source) ~[?:1.8.0_121]
	at org.hibernate.engine.jndi.internal.JndiServiceImpl.parseName(JndiServiceImpl.java:118) ~[hibernate-core-5.1.4.Final.jar:5.1.4.Final]
	... 32 more
2017-03-11 10:30:25,050 [main] WARN  org.hibernate.orm.deprecation - HHH90000012: Recognized obsolete hibernate namespace http://hibernate.sourceforge.net/hibernate-mapping. Use namespace http://www.hibernate.org/dtd/hibernate-mapping instead.  Support for obsolete DTD/XSD namespaces may be removed at any time.
2017-03-11 10:30:25,998 [main] WARN  org.hibernate.orm.deprecation - HHH90000012: Recognized obsolete hibernate namespace http://hibernate.sourceforge.net/hibernate-mapping. Use namespace http://www.hibernate.org/dtd/hibernate-mapping instead.  Support for obsolete DTD/XSD namespaces may be removed at any time.
2017-03-11 10:30:26,031 [main] WARN  org.hibernate.orm.deprecation - HHH90000012: Recognized obsolete hibernate namespace http://hibernate.sourceforge.net/hibernate-mapping. Use namespace http://www.hibernate.org/dtd/hibernate-mapping instead.  Support for obsolete DTD/XSD namespaces may be removed at any time.
2017-03-11 10:30:26,065 [main] WARN  org.hibernate.orm.deprecation - HHH90000012: Recognized obsolete hibernate namespace http://hibernate.sourceforge.net/hibernate-mapping. Use namespace http://www.hibernate.org/dtd/hibernate-mapping instead.  Support for obsolete DTD/XSD namespaces may be removed at any time.
2017-03-11 10:30:26,096 [main] WARN  org.hibernate.orm.deprecation - HHH90000012: Recognized obsolete hibernate namespace http://hibernate.sourceforge.net/hibernate-mapping. Use namespace http://www.hibernate.org/dtd/hibernate-mapping instead.  Support for obsolete DTD/XSD namespaces may be removed at any time.
2017-03-11 10:30:26,127 [main] WARN  org.hibernate.orm.deprecation - HHH90000012: Recognized obsolete hibernate namespace http://hibernate.sourceforge.net/hibernate-mapping. Use namespace http://www.hibernate.org/dtd/hibernate-mapping instead.  Support for obsolete DTD/XSD namespaces may be removed at any time.
2017-03-11 10:30:26,290 [main] WARN  org.hibernate.orm.connections.pooling - HHH10001002: Using Hibernate built-in connection pool (not for production use!)
2017-03-11 10:30:27,248 [main] WARN  org.hibernate.internal.SessionFactoryRegistry - HHH000277: Could not bind factory to JNDI
org.hibernate.engine.jndi.JndiException: Error parsing JNDI name []
	at org.hibernate.engine.jndi.internal.JndiServiceImpl.parseName(JndiServiceImpl.java:124) ~[hibernate-core-5.1.4.Final.jar:5.1.4.Final]
	at org.hibernate.engine.jndi.internal.JndiServiceImpl.bind(JndiServiceImpl.java:140) ~[hibernate-core-5.1.4.Final.jar:5.1.4.Final]
	at org.hibernate.internal.SessionFactoryRegistry.addSessionFactory(SessionFactoryRegistry.java:88) [hibernate-core-5.1.4.Final.jar:5.1.4.Final]
	at org.hibernate.internal.SessionFactoryImpl.<init>(SessionFactoryImpl.java:523) [hibernate-core-5.1.4.Final.jar:5.1.4.Final]
	at org.hibernate.boot.internal.SessionFactoryBuilderImpl.build(SessionFactoryBuilderImpl.java:465) [hibernate-core-5.1.4.Final.jar:5.1.4.Final]
	at org.hibernate.cfg.Configuration.buildSessionFactory(Configuration.java:711) [hibernate-core-5.1.4.Final.jar:5.1.4.Final]
	at org.hibernate.cfg.Configuration.buildSessionFactory(Configuration.java:727) [hibernate-core-5.1.4.Final.jar:5.1.4.Final]
	at edu.housesearcher.crawler.utils.HibernateUtil.<clinit>(HibernateUtil.java:20) [classes/:?]
	at edu.housesearcher.crawler.utils.StatusValueUtil.setStatusValue(StatusValueUtil.java:49) [classes/:?]
	at edu.housesearcher.crawler.utils.StatusValueUtil.test(StatusValueUtil.java:68) [classes/:?]
	at sun.reflect.NativeMethodAccessorImpl.invoke0(Native Method) ~[?:1.8.0_121]
	at sun.reflect.NativeMethodAccessorImpl.invoke(Unknown Source) ~[?:1.8.0_121]
	at sun.reflect.DelegatingMethodAccessorImpl.invoke(Unknown Source) ~[?:1.8.0_121]
	at java.lang.reflect.Method.invoke(Unknown Source) ~[?:1.8.0_121]
	at org.junit.runners.model.FrameworkMethod$1.runReflectiveCall(FrameworkMethod.java:50) [junit.jar:4.12]
	at org.junit.internal.runners.model.ReflectiveCallable.run(ReflectiveCallable.java:12) [junit.jar:4.12]
	at org.junit.runners.model.FrameworkMethod.invokeExplosively(FrameworkMethod.java:47) [junit.jar:4.12]
	at org.junit.internal.runners.statements.InvokeMethod.evaluate(InvokeMethod.java:17) [junit.jar:4.12]
	at org.junit.runners.ParentRunner.runLeaf(ParentRunner.java:325) [junit.jar:4.12]
	at org.junit.runners.BlockJUnit4ClassRunner.runChild(BlockJUnit4ClassRunner.java:78) [junit.jar:4.12]
	at org.junit.runners.BlockJUnit4ClassRunner.runChild(BlockJUnit4ClassRunner.java:57) [junit.jar:4.12]
	at org.junit.runners.ParentRunner$3.run(ParentRunner.java:290) [junit.jar:4.12]
	at org.junit.runners.ParentRunner$1.schedule(ParentRunner.java:71) [junit.jar:4.12]
	at org.junit.runners.ParentRunner.runChildren(ParentRunner.java:288) [junit.jar:4.12]
	at org.junit.runners.ParentRunner.access$000(ParentRunner.java:58) [junit.jar:4.12]
	at org.junit.runners.ParentRunner$2.evaluate(ParentRunner.java:268) [junit.jar:4.12]
	at org.junit.runners.ParentRunner.run(ParentRunner.java:363) [junit.jar:4.12]
	at org.eclipse.jdt.internal.junit4.runner.JUnit4TestReference.run(JUnit4TestReference.java:86) [.cp/:?]
	at org.eclipse.jdt.internal.junit.runner.TestExecution.run(TestExecution.java:38) [.cp/:?]
	at org.eclipse.jdt.internal.junit.runner.RemoteTestRunner.runTests(RemoteTestRunner.java:459) [.cp/:?]
	at org.eclipse.jdt.internal.junit.runner.RemoteTestRunner.runTests(RemoteTestRunner.java:675) [.cp/:?]
	at org.eclipse.jdt.internal.junit.runner.RemoteTestRunner.run(RemoteTestRunner.java:382) [.cp/:?]
	at org.eclipse.jdt.internal.junit.runner.RemoteTestRunner.main(RemoteTestRunner.java:192) [.cp/:?]
Caused by: javax.naming.NoInitialContextException: Need to specify class name in environment or system property, or as an applet parameter, or in an application resource file:  java.naming.factory.initial
	at javax.naming.spi.NamingManager.getInitialContext(Unknown Source) ~[?:1.8.0_121]
	at javax.naming.InitialContext.getDefaultInitCtx(Unknown Source) ~[?:1.8.0_121]
	at javax.naming.InitialContext.getURLOrDefaultInitCtx(Unknown Source) ~[?:1.8.0_121]
	at javax.naming.InitialContext.getNameParser(Unknown Source) ~[?:1.8.0_121]
	at org.hibernate.engine.jndi.internal.JndiServiceImpl.parseName(JndiServiceImpl.java:118) ~[hibernate-core-5.1.4.Final.jar:5.1.4.Final]
	... 32 more
2017-03-11 10:30:52,355 [main] WARN  org.hibernate.orm.deprecation - HHH90000012: Recognized obsolete hibernate namespace http://hibernate.sourceforge.net/hibernate-mapping. Use namespace http://www.hibernate.org/dtd/hibernate-mapping instead.  Support for obsolete DTD/XSD namespaces may be removed at any time.
2017-03-11 10:30:53,177 [main] WARN  org.hibernate.orm.deprecation - HHH90000012: Recognized obsolete hibernate namespace http://hibernate.sourceforge.net/hibernate-mapping. Use namespace http://www.hibernate.org/dtd/hibernate-mapping instead.  Support for obsolete DTD/XSD namespaces may be removed at any time.
2017-03-11 10:30:53,194 [main] WARN  org.hibernate.orm.deprecation - HHH90000012: Recognized obsolete hibernate namespace http://hibernate.sourceforge.net/hibernate-mapping. Use namespace http://www.hibernate.org/dtd/hibernate-mapping instead.  Support for obsolete DTD/XSD namespaces may be removed at any time.
2017-03-11 10:30:53,208 [main] WARN  org.hibernate.orm.deprecation - HHH90000012: Recognized obsolete hibernate namespace http://hibernate.sourceforge.net/hibernate-mapping. Use namespace http://www.hibernate.org/dtd/hibernate-mapping instead.  Support for obsolete DTD/XSD namespaces may be removed at any time.
2017-03-11 10:30:53,219 [main] WARN  org.hibernate.orm.deprecation - HHH90000012: Recognized obsolete hibernate namespace http://hibernate.sourceforge.net/hibernate-mapping. Use namespace http://www.hibernate.org/dtd/hibernate-mapping instead.  Support for obsolete DTD/XSD namespaces may be removed at any time.
2017-03-11 10:30:53,230 [main] WARN  org.hibernate.orm.deprecation - HHH90000012: Recognized obsolete hibernate namespace http://hibernate.sourceforge.net/hibernate-mapping. Use namespace http://www.hibernate.org/dtd/hibernate-mapping instead.  Support for obsolete DTD/XSD namespaces may be removed at any time.
2017-03-11 10:30:53,357 [main] WARN  org.hibernate.orm.connections.pooling - HHH10001002: Using Hibernate built-in connection pool (not for production use!)
2017-03-11 10:30:54,188 [main] WARN  org.hibernate.internal.SessionFactoryRegistry - HHH000277: Could not bind factory to JNDI
org.hibernate.engine.jndi.JndiException: Error parsing JNDI name []
	at org.hibernate.engine.jndi.internal.JndiServiceImpl.parseName(JndiServiceImpl.java:124) ~[hibernate-core-5.1.4.Final.jar:5.1.4.Final]
	at org.hibernate.engine.jndi.internal.JndiServiceImpl.bind(JndiServiceImpl.java:140) ~[hibernate-core-5.1.4.Final.jar:5.1.4.Final]
	at org.hibernate.internal.SessionFactoryRegistry.addSessionFactory(SessionFactoryRegistry.java:88) [hibernate-core-5.1.4.Final.jar:5.1.4.Final]
	at org.hibernate.internal.SessionFactoryImpl.<init>(SessionFactoryImpl.java:523) [hibernate-core-5.1.4.Final.jar:5.1.4.Final]
	at org.hibernate.boot.internal.SessionFactoryBuilderImpl.build(SessionFactoryBuilderImpl.java:465) [hibernate-core-5.1.4.Final.jar:5.1.4.Final]
	at org.hibernate.cfg.Configuration.buildSessionFactory(Configuration.java:711) [hibernate-core-5.1.4.Final.jar:5.1.4.Final]
	at org.hibernate.cfg.Configuration.buildSessionFactory(Configuration.java:727) [hibernate-core-5.1.4.Final.jar:5.1.4.Final]
	at edu.housesearcher.crawler.utils.HibernateUtil.<clinit>(HibernateUtil.java:20) [classes/:?]
	at edu.housesearcher.crawler.utils.StatusValueUtil.setStatusValue(StatusValueUtil.java:49) [classes/:?]
	at edu.housesearcher.crawler.utils.StatusValueUtil.test(StatusValueUtil.java:68) [classes/:?]
	at sun.reflect.NativeMethodAccessorImpl.invoke0(Native Method) ~[?:1.8.0_121]
	at sun.reflect.NativeMethodAccessorImpl.invoke(Unknown Source) ~[?:1.8.0_121]
	at sun.reflect.DelegatingMethodAccessorImpl.invoke(Unknown Source) ~[?:1.8.0_121]
	at java.lang.reflect.Method.invoke(Unknown Source) ~[?:1.8.0_121]
	at org.junit.runners.model.FrameworkMethod$1.runReflectiveCall(FrameworkMethod.java:50) [junit.jar:4.12]
	at org.junit.internal.runners.model.ReflectiveCallable.run(ReflectiveCallable.java:12) [junit.jar:4.12]
	at org.junit.runners.model.FrameworkMethod.invokeExplosively(FrameworkMethod.java:47) [junit.jar:4.12]
	at org.junit.internal.runners.statements.InvokeMethod.evaluate(InvokeMethod.java:17) [junit.jar:4.12]
	at org.junit.runners.ParentRunner.runLeaf(ParentRunner.java:325) [junit.jar:4.12]
	at org.junit.runners.BlockJUnit4ClassRunner.runChild(BlockJUnit4ClassRunner.java:78) [junit.jar:4.12]
	at org.junit.runners.BlockJUnit4ClassRunner.runChild(BlockJUnit4ClassRunner.java:57) [junit.jar:4.12]
	at org.junit.runners.ParentRunner$3.run(ParentRunner.java:290) [junit.jar:4.12]
	at org.junit.runners.ParentRunner$1.schedule(ParentRunner.java:71) [junit.jar:4.12]
	at org.junit.runners.ParentRunner.runChildren(ParentRunner.java:288) [junit.jar:4.12]
	at org.junit.runners.ParentRunner.access$000(ParentRunner.java:58) [junit.jar:4.12]
	at org.junit.runners.ParentRunner$2.evaluate(ParentRunner.java:268) [junit.jar:4.12]
	at org.junit.runners.ParentRunner.run(ParentRunner.java:363) [junit.jar:4.12]
	at org.eclipse.jdt.internal.junit4.runner.JUnit4TestReference.run(JUnit4TestReference.java:86) [.cp/:?]
	at org.eclipse.jdt.internal.junit.runner.TestExecution.run(TestExecution.java:38) [.cp/:?]
	at org.eclipse.jdt.internal.junit.runner.RemoteTestRunner.runTests(RemoteTestRunner.java:459) [.cp/:?]
	at org.eclipse.jdt.internal.junit.runner.RemoteTestRunner.runTests(RemoteTestRunner.java:675) [.cp/:?]
	at org.eclipse.jdt.internal.junit.runner.RemoteTestRunner.run(RemoteTestRunner.java:382) [.cp/:?]
	at org.eclipse.jdt.internal.junit.runner.RemoteTestRunner.main(RemoteTestRunner.java:192) [.cp/:?]
Caused by: javax.naming.NoInitialContextException: Need to specify class name in environment or system property, or as an applet parameter, or in an application resource file:  java.naming.factory.initial
	at javax.naming.spi.NamingManager.getInitialContext(Unknown Source) ~[?:1.8.0_121]
	at javax.naming.InitialContext.getDefaultInitCtx(Unknown Source) ~[?:1.8.0_121]
	at javax.naming.InitialContext.getURLOrDefaultInitCtx(Unknown Source) ~[?:1.8.0_121]
	at javax.naming.InitialContext.getNameParser(Unknown Source) ~[?:1.8.0_121]
	at org.hibernate.engine.jndi.internal.JndiServiceImpl.parseName(JndiServiceImpl.java:118) ~[hibernate-core-5.1.4.Final.jar:5.1.4.Final]
	... 32 more
